Using pre-set license
Built from '2020.3/release' branch; Version is '2020.3.1f1 (77a89f25062f) revision 7841951'; Using compiler version '192528614'; Build Type 'Release'
OS: 'Windows 10 Pro; OS build 19042.867; Version 2009; 64bit' Language: 'ru' Physical Memory: 15791 MB
BatchMode: 1, IsHumanControllingUs: 0, StartBugReporterOnCrash: 0, Is64bit: 1, IsPro: 0

 COMMAND LINE ARGUMENTS:
C:\Program Files\Unity\Hub\Editor\2020.3.1f1\Editor\Unity.exe
-adb2
-batchMode
-noUpm
-name
AssetImportWorker0
-projectPath
C:/Users/skrib/Desktop/Udemy/Unity 3D/OMON Rush
-logFile
Logs/AssetImportWorker0.log
-srvPort
57468
Successfully changed project path to: C:/Users/skrib/Desktop/Udemy/Unity 3D/OMON Rush
C:/Users/skrib/Desktop/Udemy/Unity 3D/OMON Rush
Using Asset Import Pipeline V2.
Refreshing native plugins compatible for Editor in 24.32 ms, found 0 plugins.
Preloading 0 native plugins for Editor in 0.00 ms.
Initialize engine version: 2020.3.1f1 (77a89f25062f)
[Subsystems] Discovering subsystems at path C:/Program Files/Unity/Hub/Editor/2020.3.1f1/Editor/Data/Resources/UnitySubsystems
[Subsystems] Discovering subsystems at path C:/Users/skrib/Desktop/Udemy/Unity 3D/OMON Rush/Assets
GfxDevice: creating device client; threaded=0
Direct3D:
    Version:  Direct3D 11.0 [level 11.1]
    Renderer: NVIDIA GeForce GTX 1650 (ID=0x1f99)
    Vendor:   
    VRAM:     3962 MB
    Driver:   27.21.14.6192
Initialize mono
Mono path[0] = 'C:/Program Files/Unity/Hub/Editor/2020.3.1f1/Editor/Data/Managed'
Mono path[1] = 'C:/Program Files/Unity/Hub/Editor/2020.3.1f1/Editor/Data/MonoBleedingEdge/lib/mono/unityjit'
Mono config path = 'C:/Program Files/Unity/Hub/Editor/2020.3.1f1/Editor/Data/MonoBleedingEdge/etc'
Using monoOptions --debugger-agent=transport=dt_socket,embedding=1,server=y,suspend=n,address=127.0.0.1:56384
Begin MonoManager ReloadAssembly
Registering precompiled unity dll's ...
Register platform support module: C:/Program Files/Unity/Hub/Editor/2020.3.1f1/Editor/Data/PlaybackEngines/WebGLSupport/UnityEditor.WebGL.Extensions.dll
Register platform support module: C:/Program Files/Unity/Hub/Editor/2020.3.1f1/Editor/Data/PlaybackEngines/WindowsStandaloneSupport/UnityEditor.WindowsStandalone.Extensions.dll
Registered in 0.001944 seconds.
Native extension for WindowsStandalone target not found
Native extension for WebGL target not found
Refreshing native plugins compatible for Editor in 25.10 ms, found 0 plugins.
Preloading 0 native plugins for Editor in 0.00 ms.
Invoked RoslynAnalysisRunner static constructor.
RoslynAnalysisRunner will not be running.
RoslynAnalysisRunner has terminated.
Mono: successfully reloaded assembly
- Completed reload, in  1.008 seconds
Platform modules already initialized, skipping
Registering precompiled user dll's ...
Registered in 0.000628 seconds.
Begin MonoManager ReloadAssembly
Native extension for WindowsStandalone target not found
Native extension for WebGL target not found
Refreshing native plugins compatible for Editor in 0.23 ms, found 0 plugins.
Preloading 0 native plugins for Editor in 0.00 ms.
Invoked RoslynAnalysisRunner static constructor.
RoslynAnalysisRunner will not be running.
RoslynAnalysisRunner has terminated.
Mono: successfully reloaded assembly
- Completed reload, in  0.723 seconds
Platform modules already initialized, skipping
========================================================================
Worker process is ready to serve import requests
Launched and connected shader compiler UnityShaderCompiler.exe after 0.05 seconds
Refreshing native plugins compatible for Editor in 0.22 ms, found 0 plugins.
Preloading 0 native plugins for Editor in 0.00 ms.
Unloading 1152 Unused Serialized files (Serialized files now loaded: 0)
System memory in use before: 61.8 MB.
System memory in use after: 61.9 MB.

Unloading 10 unused Assets to reduce memory usage. Loaded Objects now: 1595.
Total: 1.863100 ms (FindLiveObjects: 0.260000 ms CreateObjectMapping: 0.067700 ms MarkObjects: 1.445900 ms  DeleteObjects: 0.087700 ms)

========================================================================
Received Import Request.
  path: Assets/Scenes/Game.unity
  artifactKey: Guid(9fc0d4010bbf28b4594072e72b8655ab) Importer(815301076,1909f56bfc062723c751e8b465ee728b)
Start importing Assets/Scenes/Game.unity using Guid(9fc0d4010bbf28b4594072e72b8655ab) Importer(815301076,1909f56bfc062723c751e8b465ee728b)  -> (artifact id: '45a81a295bea919945a28a3bc59ba09d') in 0.015086 seconds
  Import took 0.017778 seconds .

========================================================================
Received Prepare
Registering precompiled user dll's ...
Registered in 0.000676 seconds.
Begin MonoManager ReloadAssembly
Native extension for WindowsStandalone target not found
Native extension for WebGL target not found
Refreshing native plugins compatible for Editor in 0.28 ms, found 0 plugins.
Preloading 0 native plugins for Editor in 0.00 ms.
Invoked RoslynAnalysisRunner static constructor.
RoslynAnalysisRunner will not be running.
RoslynAnalysisRunner has terminated.
Mono: successfully reloaded assembly
- Completed reload, in  0.682 seconds
Platform modules already initialized, skipping
Refreshing native plugins compatible for Editor in 0.24 ms, found 0 plugins.
Preloading 0 native plugins for Editor in 0.00 ms.
Unloading 1122 Unused Serialized files (Serialized files now loaded: 0)
System memory in use before: 59.9 MB.
System memory in use after: 59.9 MB.

Unloading 5 unused Assets to reduce memory usage. Loaded Objects now: 1598.
Total: 2.533400 ms (FindLiveObjects: 0.341900 ms CreateObjectMapping: 0.437700 ms MarkObjects: 1.678600 ms  DeleteObjects: 0.072900 ms)

========================================================================
Received Import Request.
  Time since last request: 45.744146 seconds.
  path: Assets/Prefabs v2/Environment/Tiles_Land/Tile_RoadCorner.prefab
  artifactKey: Guid(dcedc67da391344498cf1a663352f9fb) Importer(815301076,1909f56bfc062723c751e8b465ee728b)
Start importing Assets/Prefabs v2/Environment/Tiles_Land/Tile_RoadCorner.prefab using Guid(dcedc67da391344498cf1a663352f9fb) Importer(815301076,1909f56bfc062723c751e8b465ee728b)  -> (artifact id: 'e455e04c9726e10d5004f58a580306ca') in 0.148814 seconds
  Import took 0.151453 seconds .

========================================================================
Received Import Request.
  Time since last request: 0.000222 seconds.
  path: Assets/Prefabs v2/Environment/Trees/LargeTree.prefab
  artifactKey: Guid(3597fcd2d44c4ab4ebb4badd80d38cd5) Importer(815301076,1909f56bfc062723c751e8b465ee728b)
Start importing Assets/Prefabs v2/Environment/Trees/LargeTree.prefab using Guid(3597fcd2d44c4ab4ebb4badd80d38cd5) Importer(815301076,1909f56bfc062723c751e8b465ee728b)  -> (artifact id: '89fd2ec95f48052bf2c34fe33402bf8a') in 0.014317 seconds
  Import took 0.016470 seconds .

========================================================================
Received Import Request.
  Time since last request: 0.000224 seconds.
  path: Assets/Prefabs v2/Enemy/ObjectPool.prefab
  artifactKey: Guid(8da67125488b02b4e97d5436887b5e4e) Importer(815301076,1909f56bfc062723c751e8b465ee728b)
Start importing Assets/Prefabs v2/Enemy/ObjectPool.prefab using Guid(8da67125488b02b4e97d5436887b5e4e) Importer(815301076,1909f56bfc062723c751e8b465ee728b)  -> (artifact id: '9510fdc825bc09de8b3fa621ec9ef3e3') in 0.005022 seconds
  Import took 0.007329 seconds .

========================================================================
Received Import Request.
  Time since last request: 0.000252 seconds.
  path: Assets/Prefabs v2/Environment/Tiles_Water/Tile_ShoreIn.prefab
  artifactKey: Guid(567d39186bb251645a77c56485d0de98) Importer(815301076,1909f56bfc062723c751e8b465ee728b)
Start importing Assets/Prefabs v2/Environment/Tiles_Water/Tile_ShoreIn.prefab using Guid(567d39186bb251645a77c56485d0de98) Importer(815301076,1909f56bfc062723c751e8b465ee728b)  -> (artifact id: 'c7b8e058b47a9af623244bad09ba53fc') in 0.038914 seconds
  Import took 0.041563 seconds .

========================================================================
Received Import Request.
  Time since last request: 0.000247 seconds.
  path: Assets/Prefabs v2/AssetPacks/VoxelCastle/Prefabs/Shore_3.prefab
  artifactKey: Guid(19a5c41b0a3e5e14ab0ca34438c628e0) Importer(815301076,1909f56bfc062723c751e8b465ee728b)
Start importing Assets/Prefabs v2/AssetPacks/VoxelCastle/Prefabs/Shore_3.prefab using Guid(19a5c41b0a3e5e14ab0ca34438c628e0) Importer(815301076,1909f56bfc062723c751e8b465ee728b)  -> (artifact id: '0590db44d07fe03b277193be4e67ca29') in 0.014455 seconds
  Import took 0.016479 seconds .

========================================================================
Received Import Request.
  Time since last request: 0.000287 seconds.
  path: Assets/Prefabs v2/Environment/Tiles_Water/Tile_Water.prefab
  artifactKey: Guid(f97ed9dcdcc8b81449685fbb82ba36aa) Importer(815301076,1909f56bfc062723c751e8b465ee728b)
Start importing Assets/Prefabs v2/Environment/Tiles_Water/Tile_Water.prefab using Guid(f97ed9dcdcc8b81449685fbb82ba36aa) Importer(815301076,1909f56bfc062723c751e8b465ee728b)  -> (artifact id: '469079330838911c2e1cd6203c17e814') in 0.035956 seconds
  Import took 0.038697 seconds .

========================================================================
Received Import Request.
  Time since last request: 0.000185 seconds.
  path: Assets/Prefabs v2/Environment/Tiles_Land/Tile_RoadCorner90.prefab
  artifactKey: Guid(a0e3be88e6443aa4f8b492fe97a53110) Importer(815301076,1909f56bfc062723c751e8b465ee728b)
Start importing Assets/Prefabs v2/Environment/Tiles_Land/Tile_RoadCorner90.prefab using Guid(a0e3be88e6443aa4f8b492fe97a53110) Importer(815301076,1909f56bfc062723c751e8b465ee728b)  -> (artifact id: '175efdcc25c552b4c5763847141032ae') in 0.035098 seconds
  Import took 0.037174 seconds .

========================================================================
Received Import Request.
  Time since last request: 0.000184 seconds.
  path: Assets/Prefabs v2/Environment/Tiles_Water/Tile_ShoreOut270.prefab
  artifactKey: Guid(24f4c5c92cc5d244682ed4db49ea0cf1) Importer(815301076,1909f56bfc062723c751e8b465ee728b)
Start importing Assets/Prefabs v2/Environment/Tiles_Water/Tile_ShoreOut270.prefab using Guid(24f4c5c92cc5d244682ed4db49ea0cf1) Importer(815301076,1909f56bfc062723c751e8b465ee728b)  -> (artifact id: 'b4d55cea163f4f4b13e56d8c7c703e82') in 0.037557 seconds
  Import took 0.039775 seconds .

========================================================================
Received Import Request.
  Time since last request: 0.000188 seconds.
  path: Assets/Prefabs v2/Environment/Tiles_Land/Tile.prefab
  artifactKey: Guid(b3f0239114a273d40a319ad2c9e3d024) Importer(815301076,1909f56bfc062723c751e8b465ee728b)
Start importing Assets/Prefabs v2/Environment/Tiles_Land/Tile.prefab using Guid(b3f0239114a273d40a319ad2c9e3d024) Importer(815301076,1909f56bfc062723c751e8b465ee728b)  -> (artifact id: 'f747a0ee3cc3d3635378ab6bb6548e78') in 0.031841 seconds
  Import took 0.033984 seconds .

========================================================================
Received Import Request.
  Time since last request: 0.000189 seconds.
  path: Assets/Prefabs v2/Environment/Tiles_Water/Tile_ShoreStraight180.prefab
  artifactKey: Guid(d88abdfd319d78b44af1ecd366570c7f) Importer(815301076,1909f56bfc062723c751e8b465ee728b)
Start importing Assets/Prefabs v2/Environment/Tiles_Water/Tile_ShoreStraight180.prefab using Guid(d88abdfd319d78b44af1ecd366570c7f) Importer(815301076,1909f56bfc062723c751e8b465ee728b)  -> (artifact id: '35a0b827fbb29bc79555f65d46cb4452') in 0.032499 seconds
  Import took 0.034528 seconds .

========================================================================
Received Import Request.
  Time since last request: 0.000181 seconds.
  path: Assets/Prefabs v2/Environment/Tiles_Water/Tile_ShoreOut.prefab
  artifactKey: Guid(8efaaea0a3ab6764285a3afd3a097263) Importer(815301076,1909f56bfc062723c751e8b465ee728b)
Start importing Assets/Prefabs v2/Environment/Tiles_Water/Tile_ShoreOut.prefab using Guid(8efaaea0a3ab6764285a3afd3a097263) Importer(815301076,1909f56bfc062723c751e8b465ee728b)  -> (artifact id: '7b858ee5a9ede032ac005c4881859d72') in 0.032597 seconds
  Import took 0.034831 seconds .

========================================================================
Received Import Request.
  Time since last request: 0.000179 seconds.
  path: Assets/Prefabs v2/Bank/Bank.prefab
  artifactKey: Guid(1a13247b55b926d4bb16bdd2cb822e03) Importer(815301076,1909f56bfc062723c751e8b465ee728b)
Start importing Assets/Prefabs v2/Bank/Bank.prefab using Guid(1a13247b55b926d4bb16bdd2cb822e03) Importer(815301076,1909f56bfc062723c751e8b465ee728b)  -> (artifact id: '389ea59e70a4c5d20f6824b6cc8ea657') in 0.004436 seconds
  Import took 0.006309 seconds .

========================================================================
Received Import Request.
  Time since last request: 0.000210 seconds.
  path: Assets/Prefabs v2/Environment/Tiles_Land/Tile_RoadStraight.prefab
  artifactKey: Guid(2ed3d3bbfb2a3974082f3fb93e086e71) Importer(815301076,1909f56bfc062723c751e8b465ee728b)
Start importing Assets/Prefabs v2/Environment/Tiles_Land/Tile_RoadStraight.prefab using Guid(2ed3d3bbfb2a3974082f3fb93e086e71) Importer(815301076,1909f56bfc062723c751e8b465ee728b)  -> (artifact id: 'c19d4c831c59994eca95ce16354dec00') in 0.032168 seconds
  Import took 0.034356 seconds .

========================================================================
Received Import Request.
  Time since last request: 0.000194 seconds.
  path: Assets/Prefabs v2/AssetPacks/VoxelCastle/Prefabs/Grass.prefab
  artifactKey: Guid(9ba07803c191a6449a9ecf11046e23cb) Importer(815301076,1909f56bfc062723c751e8b465ee728b)
Start importing Assets/Prefabs v2/AssetPacks/VoxelCastle/Prefabs/Grass.prefab using Guid(9ba07803c191a6449a9ecf11046e23cb) Importer(815301076,1909f56bfc062723c751e8b465ee728b)  -> (artifact id: '386a67aa5cfe1cd8dcfe69be6197f658') in 0.012191 seconds
  Import took 0.014231 seconds .

========================================================================
Received Import Request.
  Time since last request: 0.000230 seconds.
  path: Assets/Prefabs v2/Enemy/Ram.prefab
  artifactKey: Guid(0eea450d7fa2474468c93331034b5106) Importer(815301076,1909f56bfc062723c751e8b465ee728b)
Start importing Assets/Prefabs v2/Enemy/Ram.prefab using Guid(0eea450d7fa2474468c93331034b5106) Importer(815301076,1909f56bfc062723c751e8b465ee728b)  -> (artifact id: '4273b470aeda982353761504cb136f6d') in 0.011413 seconds
  Import took 0.013358 seconds .

========================================================================
Received Import Request.
  Time since last request: 0.000213 seconds.
  path: Assets/Prefabs v2/Environment/Tiles_Water/Tile_ShoreIn180.prefab
  artifactKey: Guid(ada1d02efc3bd384eb2cfed2147a50d7) Importer(815301076,1909f56bfc062723c751e8b465ee728b)
Start importing Assets/Prefabs v2/Environment/Tiles_Water/Tile_ShoreIn180.prefab using Guid(ada1d02efc3bd384eb2cfed2147a50d7) Importer(815301076,1909f56bfc062723c751e8b465ee728b)  -> (artifact id: '330a8dfe879e3257c0c659ccc9a9bd75') in 0.033171 seconds
  Import took 0.035285 seconds .

========================================================================
Received Import Request.
  Time since last request: 0.000252 seconds.
  path: Assets/Prefabs v2/Environment/Tiles_Water/Tile_ShoreOut90.prefab
  artifactKey: Guid(c19aa9d2e4998184083b7753e8419bb6) Importer(815301076,1909f56bfc062723c751e8b465ee728b)
Start importing Assets/Prefabs v2/Environment/Tiles_Water/Tile_ShoreOut90.prefab using Guid(c19aa9d2e4998184083b7753e8419bb6) Importer(815301076,1909f56bfc062723c751e8b465ee728b)  -> (artifact id: '2dad71cc1ec3c912e56d7cb3c3ecb523') in 0.033730 seconds
  Import took 0.035957 seconds .

========================================================================
Received Import Request.
  Time since last request: 0.000217 seconds.
  path: Assets/Prefabs v2/AssetPacks/VoxelCastle/Prefabs/Shore_2.prefab
  artifactKey: Guid(4c27e52895aa1c94792d54b000f865d7) Importer(815301076,1909f56bfc062723c751e8b465ee728b)
Start importing Assets/Prefabs v2/AssetPacks/VoxelCastle/Prefabs/Shore_2.prefab using Guid(4c27e52895aa1c94792d54b000f865d7) Importer(815301076,1909f56bfc062723c751e8b465ee728b)  -> (artifact id: '50f8e0b06a546bde7dbcf0ad161cf34e') in 0.012245 seconds
  Import took 0.014390 seconds .

========================================================================
Received Import Request.
  Time since last request: 0.000230 seconds.
  path: Assets/Prefabs v2/Environment/Tiles_Water/Tile_ShoreStraight90.prefab
  artifactKey: Guid(79c4d75ef9e83cd4db9abab522689fe8) Importer(815301076,1909f56bfc062723c751e8b465ee728b)
Start importing Assets/Prefabs v2/Environment/Tiles_Water/Tile_ShoreStraight90.prefab using Guid(79c4d75ef9e83cd4db9abab522689fe8) Importer(815301076,1909f56bfc062723c751e8b465ee728b)  -> (artifact id: '6d6040ad6c8e6d3e647e5b2c3bd06cda') in 0.036639 seconds
  Import took 0.038962 seconds .

========================================================================
Received Import Request.
  Time since last request: 0.000219 seconds.
  path: Assets/Prefabs v2/AssetPacks/VoxelCastle/Prefabs/Tower_Left.prefab
  artifactKey: Guid(533e631067be12d40ad1a06826ffbd96) Importer(815301076,1909f56bfc062723c751e8b465ee728b)
Start importing Assets/Prefabs v2/AssetPacks/VoxelCastle/Prefabs/Tower_Left.prefab using Guid(533e631067be12d40ad1a06826ffbd96) Importer(815301076,1909f56bfc062723c751e8b465ee728b)  -> (artifact id: '76df7ec24e3d31932f7ffab89201839d') in 0.011824 seconds
  Import took 0.013733 seconds .

========================================================================
Received Import Request.
  Time since last request: 0.000222 seconds.
  path: Assets/Prefabs v2/Environment/Tiles_Water/Tile_ShoreIn270.prefab
  artifactKey: Guid(e7df0121f468fb9408338895a0061d60) Importer(815301076,1909f56bfc062723c751e8b465ee728b)
Start importing Assets/Prefabs v2/Environment/Tiles_Water/Tile_ShoreIn270.prefab using Guid(e7df0121f468fb9408338895a0061d60) Importer(815301076,1909f56bfc062723c751e8b465ee728b)  -> (artifact id: '6cf240dab0d2dd7ebce4e9f45a12fec3') in 0.032454 seconds
  Import took 0.034989 seconds .

========================================================================
Received Import Request.
  Time since last request: 0.000215 seconds.
  path: Assets/Prefabs v2/AssetPacks/VoxelCastle/Prefabs/Gate_2.prefab
  artifactKey: Guid(d41e9943f95b6fa40ae95db010cc4aa1) Importer(815301076,1909f56bfc062723c751e8b465ee728b)
Start importing Assets/Prefabs v2/AssetPacks/VoxelCastle/Prefabs/Gate_2.prefab using Guid(d41e9943f95b6fa40ae95db010cc4aa1) Importer(815301076,1909f56bfc062723c751e8b465ee728b)  -> (artifact id: 'a0c7acd4aaf7c3c9148a5c4f53fba826') in 0.013649 seconds
  Import took 0.016089 seconds .

========================================================================
Received Import Request.
  Time since last request: 0.000217 seconds.
  path: Assets/Prefabs v2/AssetPacks/VoxelCastle/Prefabs/Gate_1.prefab
  artifactKey: Guid(b309a059ba9f5dc47a32b5bbdc3e3147) Importer(815301076,1909f56bfc062723c751e8b465ee728b)
Start importing Assets/Prefabs v2/AssetPacks/VoxelCastle/Prefabs/Gate_1.prefab using Guid(b309a059ba9f5dc47a32b5bbdc3e3147) Importer(815301076,1909f56bfc062723c751e8b465ee728b)  -> (artifact id: '921ce2c36f68504fdd1de89e02ef7b0a') in 0.012970 seconds
  Import took 0.015205 seconds .

========================================================================
Received Import Request.
  Time since last request: 0.000161 seconds.
  path: Assets/Prefabs v2/AssetPacks/VoxelCastle/Prefabs/Tower_Right.prefab
  artifactKey: Guid(bf296e4ea3114f242a9c17fb91a0d7d4) Importer(815301076,1909f56bfc062723c751e8b465ee728b)
Start importing Assets/Prefabs v2/AssetPacks/VoxelCastle/Prefabs/Tower_Right.prefab using Guid(bf296e4ea3114f242a9c17fb91a0d7d4) Importer(815301076,1909f56bfc062723c751e8b465ee728b)  -> (artifact id: 'ea1ad2755422df75dd1f10cb9682b5f2') in 0.012255 seconds
  Import took 0.014223 seconds .

========================================================================
Received Import Request.
  Time since last request: 0.000190 seconds.
  path: Assets/Prefabs v2/AssetPacks/VoxelCastle/Prefabs/Road_Corner.prefab
  artifactKey: Guid(90f3cb100e57a944a98e2021064d4572) Importer(815301076,1909f56bfc062723c751e8b465ee728b)
Start importing Assets/Prefabs v2/AssetPacks/VoxelCastle/Prefabs/Road_Corner.prefab using Guid(90f3cb100e57a944a98e2021064d4572) Importer(815301076,1909f56bfc062723c751e8b465ee728b)  -> (artifact id: '8ae640b65de57e6f4cb70a1b49be0181') in 0.012702 seconds
  Import took 0.014693 seconds .

========================================================================
Received Import Request.
  Time since last request: 0.000215 seconds.
  path: Assets/Prefabs v2/Environment/Tiles_Land/Tile_RoadCorner180.prefab
  artifactKey: Guid(41d5113b09822db40a32c8ba6fd525cc) Importer(815301076,1909f56bfc062723c751e8b465ee728b)
Start importing Assets/Prefabs v2/Environment/Tiles_Land/Tile_RoadCorner180.prefab using Guid(41d5113b09822db40a32c8ba6fd525cc) Importer(815301076,1909f56bfc062723c751e8b465ee728b)  -> (artifact id: '3ab3994f4d91fafa53ba71e18d369973') in 0.033657 seconds
  Import took 0.035845 seconds .

========================================================================
Received Import Request.
  Time since last request: 0.000179 seconds.
  path: Assets/Prefabs v2/Environment/Tiles_Land/Tile_RoadCorner270.prefab
  artifactKey: Guid(c4c4af50b51e81e42acaa37f42cd0278) Importer(815301076,1909f56bfc062723c751e8b465ee728b)
Start importing Assets/Prefabs v2/Environment/Tiles_Land/Tile_RoadCorner270.prefab using Guid(c4c4af50b51e81e42acaa37f42cd0278) Importer(815301076,1909f56bfc062723c751e8b465ee728b)  -> (artifact id: 'd6ff8a31216cc9ca59b386b498d898f3') in 0.033955 seconds
  Import took 0.036148 seconds .

========================================================================
Received Import Request.
  Time since last request: 0.000166 seconds.
  path: Assets/Prefabs v2/Environment/Trees/GroupTree.prefab
  artifactKey: Guid(4089f22af48fc31498d1348403a9bd8a) Importer(815301076,1909f56bfc062723c751e8b465ee728b)
Start importing Assets/Prefabs v2/Environment/Trees/GroupTree.prefab using Guid(4089f22af48fc31498d1348403a9bd8a) Importer(815301076,1909f56bfc062723c751e8b465ee728b)  -> (artifact id: '46d012bc459d3bf4744839c4f8e69f50') in 0.013012 seconds
  Import took 0.015040 seconds .

========================================================================
Received Import Request.
  Time since last request: 0.000175 seconds.
  path: Assets/Prefabs v2/Environment/Tiles_Water/Tile_ShoreStraight.prefab
  artifactKey: Guid(e9148419abf6fcb4e811b21993c38cff) Importer(815301076,1909f56bfc062723c751e8b465ee728b)
Start importing Assets/Prefabs v2/Environment/Tiles_Water/Tile_ShoreStraight.prefab using Guid(e9148419abf6fcb4e811b21993c38cff) Importer(815301076,1909f56bfc062723c751e8b465ee728b)  -> (artifact id: '7f24e833f9bbafb757e95610d24b3581') in 0.038302 seconds
  Import took 0.040448 seconds .

========================================================================
Received Import Request.
  Time since last request: 0.000193 seconds.
  path: Assets/Prefabs v2/AssetPacks/VoxelCastle/Prefabs/Bolt.prefab
  artifactKey: Guid(f3b8e1c003bfdfa45bc47ed9ca1606ed) Importer(815301076,1909f56bfc062723c751e8b465ee728b)
Start importing Assets/Prefabs v2/AssetPacks/VoxelCastle/Prefabs/Bolt.prefab using Guid(f3b8e1c003bfdfa45bc47ed9ca1606ed) Importer(815301076,1909f56bfc062723c751e8b465ee728b)  -> (artifact id: '0ef86ce6d02840132dd986086acf0435') in 0.012353 seconds
  Import took 0.014604 seconds .

========================================================================
Received Import Request.
  Time since last request: 0.000174 seconds.
  path: Assets/Prefabs v2/Environment/Tiles_Land/Tile_RoadStraight90.prefab
  artifactKey: Guid(4d4e210a620ecb34cb527b67b59c3a2a) Importer(815301076,1909f56bfc062723c751e8b465ee728b)
Start importing Assets/Prefabs v2/Environment/Tiles_Land/Tile_RoadStraight90.prefab using Guid(4d4e210a620ecb34cb527b67b59c3a2a) Importer(815301076,1909f56bfc062723c751e8b465ee728b)  -> (artifact id: '41b0adf6a962f50dbdd2abbc17d42c58') in 0.033748 seconds
  Import took 0.035976 seconds .

========================================================================
Received Import Request.
  Time since last request: 0.000178 seconds.
  path: Assets/Prefabs v2/Environment/Tiles_Water/Tile_ShoreIn90.prefab
  artifactKey: Guid(c310961984ac5854ebe8a9e050779b95) Importer(815301076,1909f56bfc062723c751e8b465ee728b)
Start importing Assets/Prefabs v2/Environment/Tiles_Water/Tile_ShoreIn90.prefab using Guid(c310961984ac5854ebe8a9e050779b95) Importer(815301076,1909f56bfc062723c751e8b465ee728b)  -> (artifact id: '49b4bbcf3400b99b34b5e5335ef6cf05') in 0.034815 seconds
  Import took 0.037019 seconds .

========================================================================
Received Import Request.
  Time since last request: 0.000188 seconds.
  path: Assets/Prefabs v2/Environment/Tiles_Water/Tile_ShoreStraight270.prefab
  artifactKey: Guid(547248a75a029fd46aa240f9a85d34e5) Importer(815301076,1909f56bfc062723c751e8b465ee728b)
Start importing Assets/Prefabs v2/Environment/Tiles_Water/Tile_ShoreStraight270.prefab using Guid(547248a75a029fd46aa240f9a85d34e5) Importer(815301076,1909f56bfc062723c751e8b465ee728b)  -> (artifact id: '4f00c0d4caa11dbb4f09c03955f861eb') in 0.038885 seconds
  Import took 0.041474 seconds .

========================================================================
Received Import Request.
  Time since last request: 0.000191 seconds.
  path: Assets/Prefabs v2/Tower/Ballista.prefab
  artifactKey: Guid(1eaab850962cd3346abca8d34c23f446) Importer(815301076,1909f56bfc062723c751e8b465ee728b)
Start importing Assets/Prefabs v2/Tower/Ballista.prefab using Guid(1eaab850962cd3346abca8d34c23f446) Importer(815301076,1909f56bfc062723c751e8b465ee728b)  -> (artifact id: '58f873e883a015e93ded73779abe60e4') in 0.019132 seconds
  Import took 0.021420 seconds .

========================================================================
Received Import Request.
  Time since last request: 0.000197 seconds.
  path: Assets/Prefabs v2/Environment/Tiles_Water/Tile_ShoreOut180.prefab
  artifactKey: Guid(2b6312909be918941814de080c55191f) Importer(815301076,1909f56bfc062723c751e8b465ee728b)
Start importing Assets/Prefabs v2/Environment/Tiles_Water/Tile_ShoreOut180.prefab using Guid(2b6312909be918941814de080c55191f) Importer(815301076,1909f56bfc062723c751e8b465ee728b)  -> (artifact id: '85525fd39865f6b343d35a6e3ef30de3') in 0.041911 seconds
  Import took 0.044888 seconds .

========================================================================
Received Import Request.
  Time since last request: 0.000186 seconds.
  path: Assets/Prefabs v2/AssetPacks/VoxelCastle/Prefabs/Shore_1.prefab
  artifactKey: Guid(a67775e26d72e374f86dc1afa4871f41) Importer(815301076,1909f56bfc062723c751e8b465ee728b)
Start importing Assets/Prefabs v2/AssetPacks/VoxelCastle/Prefabs/Shore_1.prefab using Guid(a67775e26d72e374f86dc1afa4871f41) Importer(815301076,1909f56bfc062723c751e8b465ee728b)  -> (artifact id: 'bc119466af65ac2921bf309c7966fbaa') in 0.012844 seconds
  Import took 0.014899 seconds .

========================================================================
Received Import Request.
  Time since last request: 0.000162 seconds.
  path: Assets/Prefabs v2/AssetPacks/VoxelCastle/Prefabs/Road_Straight.prefab
  artifactKey: Guid(8f71e84895f1b474cbc0cf73da530160) Importer(815301076,1909f56bfc062723c751e8b465ee728b)
Start importing Assets/Prefabs v2/AssetPacks/VoxelCastle/Prefabs/Road_Straight.prefab using Guid(8f71e84895f1b474cbc0cf73da530160) Importer(815301076,1909f56bfc062723c751e8b465ee728b)  -> (artifact id: '19328c05195e5e93e145fd39b33687dc') in 0.012287 seconds
  Import took 0.014344 seconds .

========================================================================
Received Import Request.
  Time since last request: 0.000191 seconds.
  path: Assets/Prefabs v2/UI/Canvas.prefab
  artifactKey: Guid(8c519b1da7d980646916090470f0099f) Importer(815301076,1909f56bfc062723c751e8b465ee728b)
Start importing Assets/Prefabs v2/UI/Canvas.prefab using Guid(8c519b1da7d980646916090470f0099f) Importer(815301076,1909f56bfc062723c751e8b465ee728b)  -> (artifact id: 'c702f1f7b8a3dfb5ca5bc87bd2895b42') in 0.021863 seconds
  Import took 0.024022 seconds .

========================================================================
Received Import Request.
  Time since last request: 5.802376 seconds.
  path: Assets/Environment
  artifactKey: Guid(73e49cf24c2bf7248b74802791f935c7) Importer(815301076,1909f56bfc062723c751e8b465ee728b)
Start importing Assets/Environment using Guid(73e49cf24c2bf7248b74802791f935c7) Importer(815301076,1909f56bfc062723c751e8b465ee728b)  -> (artifact id: 'a1f4176dd076502e919cae09477d2363') in 0.007074 seconds
  Import took 0.009005 seconds .

========================================================================
Received Import Request.
  Time since last request: 61.690766 seconds.
  path: Assets/Prefabs v2/AssetPacks/VoxelCastle/Models/Ballisa_Base.obj
  artifactKey: Guid(173f1853dd5c28d4798986405d7c6d58) Importer(815301076,1909f56bfc062723c751e8b465ee728b)
Start importing Assets/Prefabs v2/AssetPacks/VoxelCastle/Models/Ballisa_Base.obj using Guid(173f1853dd5c28d4798986405d7c6d58) Importer(815301076,1909f56bfc062723c751e8b465ee728b)  -> (artifact id: 'ec22f066bfde33a26753d647ea8f28c0') in 0.102574 seconds
  Import took 0.104896 seconds .

========================================================================
Received Import Request.
  Time since last request: 0.000241 seconds.
  path: Assets/Prefabs v2/AssetPacks/VoxelCastle/Models/Ballisa_Base.png
  artifactKey: Guid(a7133d2f61697eb4d859b29459b910aa) Importer(815301076,1909f56bfc062723c751e8b465ee728b)
Start importing Assets/Prefabs v2/AssetPacks/VoxelCastle/Models/Ballisa_Base.png using Guid(a7133d2f61697eb4d859b29459b910aa) Importer(815301076,1909f56bfc062723c751e8b465ee728b)  -> (artifact id: 'd1c0d595a2f99b3ef2ea075f4c348703') in 0.024059 seconds
  Import took 0.025973 seconds .

========================================================================
Received Import Request.
  Time since last request: 0.000178 seconds.
  path: Assets/Prefabs v2/AssetPacks/VoxelCastle/Models/Wall_Straight.obj
  artifactKey: Guid(bc431f9817325d94b82e2f662089af91) Importer(815301076,1909f56bfc062723c751e8b465ee728b)
Start importing Assets/Prefabs v2/AssetPacks/VoxelCastle/Models/Wall_Straight.obj using Guid(bc431f9817325d94b82e2f662089af91) Importer(815301076,1909f56bfc062723c751e8b465ee728b)  -> (artifact id: 'e0866cbc07569aaea87d973ff7e75a3e') in 0.044700 seconds
  Import took 0.047037 seconds .

========================================================================
Received Import Request.
  Time since last request: 0.000240 seconds.
  path: Assets/Prefabs v2/AssetPacks/VoxelCastle/Models/Ballisa_Top.obj
  artifactKey: Guid(bffca3971037dca478f24abd4ce63558) Importer(815301076,1909f56bfc062723c751e8b465ee728b)
Start importing Assets/Prefabs v2/AssetPacks/VoxelCastle/Models/Ballisa_Top.obj using Guid(bffca3971037dca478f24abd4ce63558) Importer(815301076,1909f56bfc062723c751e8b465ee728b)  -> (artifact id: 'd9713a929e598640e554a9664a3ff7a0') in 0.037981 seconds
  Import took 0.039994 seconds .

========================================================================
Received Import Request.
  Time since last request: 0.000225 seconds.
  path: Assets/Prefabs v2/AssetPacks/VoxelCastle/Models/Ballisa_Top.png
  artifactKey: Guid(ad722607d5bffb4479e42161a3393474) Importer(815301076,1909f56bfc062723c751e8b465ee728b)
Start importing Assets/Prefabs v2/AssetPacks/VoxelCastle/Models/Ballisa_Top.png using Guid(ad722607d5bffb4479e42161a3393474) Importer(815301076,1909f56bfc062723c751e8b465ee728b)  -> (artifact id: 'c6ea60ec72a1bb5b35432b295224b9fe') in 0.014447 seconds
  Import took 0.016226 seconds .

========================================================================
Received Import Request.
  Time since last request: 0.000176 seconds.
  path: Assets/Prefabs v2/AssetPacks/VoxelCastle/Models/Ballisa_Top.obj
  artifactKey: Guid(bffca3971037dca478f24abd4ce63558) Importer(815301076,1909f56bfc062723c751e8b465ee728b)
Start importing Assets/Prefabs v2/AssetPacks/VoxelCastle/Models/Ballisa_Top.obj using Guid(bffca3971037dca478f24abd4ce63558) Importer(815301076,1909f56bfc062723c751e8b465ee728b)  -> (artifact id: 'd9713a929e598640e554a9664a3ff7a0') in 0.046427 seconds
  Import took 0.048406 seconds .

========================================================================
Received Import Request.
  Time since last request: 0.000193 seconds.
  path: Assets/Prefabs v2/AssetPacks/VoxelCastle/Models/Ballisa_Top.png
  artifactKey: Guid(ad722607d5bffb4479e42161a3393474) Importer(815301076,1909f56bfc062723c751e8b465ee728b)
Start importing Assets/Prefabs v2/AssetPacks/VoxelCastle/Models/Ballisa_Top.png using Guid(ad722607d5bffb4479e42161a3393474) Importer(815301076,1909f56bfc062723c751e8b465ee728b)  -> (artifact id: 'c6ea60ec72a1bb5b35432b295224b9fe') in 0.006701 seconds
  Import took 0.009016 seconds .

========================================================================
Received Import Request.
  Time since last request: 0.000251 seconds.
  path: Assets/Prefabs v2/AssetPacks/VoxelCastle/Models/Road_Straight.obj
  artifactKey: Guid(03274a701c1592f41af0ad3181134ce4) Importer(815301076,1909f56bfc062723c751e8b465ee728b)
Start importing Assets/Prefabs v2/AssetPacks/VoxelCastle/Models/Road_Straight.obj using Guid(03274a701c1592f41af0ad3181134ce4) Importer(815301076,1909f56bfc062723c751e8b465ee728b)  -> (artifact id: 'c653123a13fcbaae317130187a1d39aa') in 0.053168 seconds
  Import took 0.055174 seconds .

========================================================================
Received Import Request.
  Time since last request: 0.000186 seconds.
  path: Assets/Prefabs v2/AssetPacks/VoxelCastle/Models/Water_Open.obj
  artifactKey: Guid(0975bf9ffc9cb514182b239298719983) Importer(815301076,1909f56bfc062723c751e8b465ee728b)
Start importing Assets/Prefabs v2/AssetPacks/VoxelCastle/Models/Water_Open.obj using Guid(0975bf9ffc9cb514182b239298719983) Importer(815301076,1909f56bfc062723c751e8b465ee728b)  -> (artifact id: '46aa995bcf4a4b67f88925cd3dc901a6') in 0.024165 seconds
  Import took 0.026378 seconds .

========================================================================
Received Import Request.
  Time since last request: 55.630216 seconds.
  path: Assets/Prefabs v2/AssetPacks
  artifactKey: Guid(bd073bcad3eafc0419d17bb75d7ca3fa) Importer(815301076,1909f56bfc062723c751e8b465ee728b)
Start importing Assets/Prefabs v2/AssetPacks using Guid(bd073bcad3eafc0419d17bb75d7ca3fa) Importer(815301076,1909f56bfc062723c751e8b465ee728b)  -> (artifact id: '56d5be68b8d69af06d1df081bf879cf2') in 0.006825 seconds
  Import took 0.008708 seconds .

========================================================================
Received Import Request.
  Time since last request: 60.217434 seconds.
  path: Assets/Enemy/EnemyMover.cs
  artifactKey: Guid(d8e0169ff0e291a48a02730cb0f390a8) Importer(815301076,1909f56bfc062723c751e8b465ee728b)
Start importing Assets/Enemy/EnemyMover.cs using Guid(d8e0169ff0e291a48a02730cb0f390a8) Importer(815301076,1909f56bfc062723c751e8b465ee728b)  -> (artifact id: '74cb880a0c7fb97941663f442982ac7e') in 0.009010 seconds
  Import took 0.011744 seconds .

========================================================================
Received Import Request.
  Time since last request: 0.018212 seconds.
  path: Assets/Enemy/EnemyMover.cs
  artifactKey: Guid(d8e0169ff0e291a48a02730cb0f390a8) Importer(815301076,1909f56bfc062723c751e8b465ee728b)
Start importing Assets/Enemy/EnemyMover.cs using Guid(d8e0169ff0e291a48a02730cb0f390a8) Importer(815301076,1909f56bfc062723c751e8b465ee728b)  -> (artifact id: '74cb880a0c7fb97941663f442982ac7e') in 0.002832 seconds
  Import took 0.004884 seconds .

========================================================================
Received Import Request.
  Time since last request: 0.340696 seconds.
  path: Assets/Enemy/EnemyHealth.cs
  artifactKey: Guid(e34eb8c74ac142a4e85c739420edfe0a) Importer(815301076,1909f56bfc062723c751e8b465ee728b)
Start importing Assets/Enemy/EnemyHealth.cs using Guid(e34eb8c74ac142a4e85c739420edfe0a) Importer(815301076,1909f56bfc062723c751e8b465ee728b)  -> (artifact id: '825a7a8700221ec52493c26d138e6870') in 0.006887 seconds
  Import took 0.008898 seconds .

========================================================================
Received Import Request.
  Time since last request: 0.001467 seconds.
  path: Assets/Enemy/EnemyHealth.cs
  artifactKey: Guid(e34eb8c74ac142a4e85c739420edfe0a) Importer(815301076,1909f56bfc062723c751e8b465ee728b)
Start importing Assets/Enemy/EnemyHealth.cs using Guid(e34eb8c74ac142a4e85c739420edfe0a) Importer(815301076,1909f56bfc062723c751e8b465ee728b)  -> (artifact id: '825a7a8700221ec52493c26d138e6870') in 0.002928 seconds
  Import took 0.004824 seconds .

========================================================================
Received Import Request.
  Time since last request: 24.826825 seconds.
  path: Assets/Prefabs v2/Pathfinding
  artifactKey: Guid(31cc3448e686b3143bd5bb0f597e68c1) Importer(815301076,1909f56bfc062723c751e8b465ee728b)
Start importing Assets/Prefabs v2/Pathfinding using Guid(31cc3448e686b3143bd5bb0f597e68c1) Importer(815301076,1909f56bfc062723c751e8b465ee728b)  -> (artifact id: 'e4a033fa8cf88690bc6ecf88aaf0d61e') in 0.006690 seconds
  Import took 0.009375 seconds .

========================================================================
Received Import Request.
  Time since last request: 6.000611 seconds.
  path: Assets/Prefabs v2/Scenes
  artifactKey: Guid(a6c843fc36b358244b5566697375ae74) Importer(815301076,1909f56bfc062723c751e8b465ee728b)
Start importing Assets/Prefabs v2/Scenes using Guid(a6c843fc36b358244b5566697375ae74) Importer(815301076,1909f56bfc062723c751e8b465ee728b)  -> (artifact id: '3c7febbeb7becffa5a38f8c2f3f0fd08') in 0.013406 seconds
  Import took 0.015763 seconds .

========================================================================
Received Import Request.
  Time since last request: 2.512093 seconds.
  path: Assets/Prefabs v2/Environment
  artifactKey: Guid(9f7e5d755347e2547800820d1e5a5325) Importer(815301076,1909f56bfc062723c751e8b465ee728b)
Start importing Assets/Prefabs v2/Environment using Guid(9f7e5d755347e2547800820d1e5a5325) Importer(815301076,1909f56bfc062723c751e8b465ee728b)  -> (artifact id: '2bdabea9beb746d8026d3aeb9cf638c4') in 0.002827 seconds
  Import took 0.004724 seconds .

========================================================================
Received Import Request.
  Time since last request: 1.188939 seconds.
  path: Assets/Prefabs v2/Environment/Tiles_Land
  artifactKey: Guid(c3d80339ca60d7941ab0cd7bbf4b5e29) Importer(815301076,1909f56bfc062723c751e8b465ee728b)
Start importing Assets/Prefabs v2/Environment/Tiles_Land using Guid(c3d80339ca60d7941ab0cd7bbf4b5e29) Importer(815301076,1909f56bfc062723c751e8b465ee728b)  -> (artifact id: '63f34aa478585b4a76168d78094fbf90') in 0.007894 seconds
  Import took 0.016242 seconds .

========================================================================
Received Import Request.
  Time since last request: 0.897996 seconds.
  path: Assets/Prefabs v2/Environment/Trees
  artifactKey: Guid(a02043f580b9d534580a5ec897e132f8) Importer(815301076,1909f56bfc062723c751e8b465ee728b)
Start importing Assets/Prefabs v2/Environment/Trees using Guid(a02043f580b9d534580a5ec897e132f8) Importer(815301076,1909f56bfc062723c751e8b465ee728b)  -> (artifact id: '93a1a97a2fbbffa46bcb8a075fb63314') in 0.006957 seconds
  Import took 0.009616 seconds .

========================================================================
Received Prepare
Registering precompiled user dll's ...
Registered in 0.000681 seconds.
Begin MonoManager ReloadAssembly
Native extension for WindowsStandalone target not found
Native extension for WebGL target not found
Refreshing native plugins compatible for Editor in 0.23 ms, found 0 plugins.
Preloading 0 native plugins for Editor in 0.00 ms.
Invoked RoslynAnalysisRunner static constructor.
RoslynAnalysisRunner will not be running.
RoslynAnalysisRunner has terminated.
Mono: successfully reloaded assembly
- Completed reload, in  0.653 seconds
Platform modules already initialized, skipping
Refreshing native plugins compatible for Editor in 0.33 ms, found 0 plugins.
Preloading 0 native plugins for Editor in 0.00 ms.
Unloading 1122 Unused Serialized files (Serialized files now loaded: 0)
System memory in use before: 63.5 MB.
System memory in use after: 63.6 MB.

Unloading 5 unused Assets to reduce memory usage. Loaded Objects now: 1646.
Total: 1.557000 ms (FindLiveObjects: 0.168200 ms CreateObjectMapping: 0.026600 ms MarkObjects: 1.303900 ms  DeleteObjects: 0.057100 ms)

========================================================================
Received Import Request.
  Time since last request: 109.434445 seconds.
  path: Assets/Scenes/Game1.unity
  artifactKey: Guid(cd54f16226f7b6848bcb26cccbd75f52) Importer(815301076,1909f56bfc062723c751e8b465ee728b)
Start importing Assets/Scenes/Game1.unity using Guid(cd54f16226f7b6848bcb26cccbd75f52) Importer(815301076,1909f56bfc062723c751e8b465ee728b)  -> (artifact id: '98eb2f936e2e23f6e8134470442598f1') in 0.016681 seconds
  Import took 0.019401 seconds .

========================================================================
Received Prepare
Registering precompiled user dll's ...
Registered in 0.000640 seconds.
Begin MonoManager ReloadAssembly
Native extension for WindowsStandalone target not found
Native extension for WebGL target not found
Refreshing native plugins compatible for Editor in 0.22 ms, found 0 plugins.
Preloading 0 native plugins for Editor in 0.00 ms.
Invoked RoslynAnalysisRunner static constructor.
RoslynAnalysisRunner will not be running.
RoslynAnalysisRunner has terminated.
Mono: successfully reloaded assembly
- Completed reload, in  0.666 seconds
Platform modules already initialized, skipping
Refreshing native plugins compatible for Editor in 0.23 ms, found 0 plugins.
Preloading 0 native plugins for Editor in 0.00 ms.
Unloading 1122 Unused Serialized files (Serialized files now loaded: 0)
System memory in use before: 63.6 MB.
System memory in use after: 63.6 MB.

Unloading 5 unused Assets to reduce memory usage. Loaded Objects now: 1649.
Total: 1.576900 ms (FindLiveObjects: 0.199700 ms CreateObjectMapping: 0.048800 ms MarkObjects: 1.265600 ms  DeleteObjects: 0.061300 ms)

========================================================================
Received Import Request.
  Time since last request: 89.793256 seconds.
  path: Assets/Prefabs v2/Environment/Tiles_Land/Tile.prefab
  artifactKey: Guid(b3f0239114a273d40a319ad2c9e3d024) Importer(815301076,1909f56bfc062723c751e8b465ee728b)
Start importing Assets/Prefabs v2/Environment/Tiles_Land/Tile.prefab using Guid(b3f0239114a273d40a319ad2c9e3d024) Importer(815301076,1909f56bfc062723c751e8b465ee728b)  -> (artifact id: 'c1108427502c5ecb0adb9dd05914e8c3') in 0.089903 seconds
  Import took 0.092256 seconds .

========================================================================
Received Import Request.
  Time since last request: 0.000185 seconds.
  path: Assets/Prefabs v2/Environment/Tiles_Land/Tile_RoadCorner90.prefab
  artifactKey: Guid(a0e3be88e6443aa4f8b492fe97a53110) Importer(815301076,1909f56bfc062723c751e8b465ee728b)
Start importing Assets/Prefabs v2/Environment/Tiles_Land/Tile_RoadCorner90.prefab using Guid(a0e3be88e6443aa4f8b492fe97a53110) Importer(815301076,1909f56bfc062723c751e8b465ee728b)  -> (artifact id: '448eda07f96990e738b1d694e642a30f') in 0.034102 seconds
  Import took 0.036352 seconds .

========================================================================
Received Import Request.
  Time since last request: 0.000211 seconds.
  path: Assets/Prefabs v2/Environment/Tiles_Land/Tile_RoadStraight.prefab
  artifactKey: Guid(2ed3d3bbfb2a3974082f3fb93e086e71) Importer(815301076,1909f56bfc062723c751e8b465ee728b)
Start importing Assets/Prefabs v2/Environment/Tiles_Land/Tile_RoadStraight.prefab using Guid(2ed3d3bbfb2a3974082f3fb93e086e71) Importer(815301076,1909f56bfc062723c751e8b465ee728b)  -> (artifact id: 'efffdc57bdd610c15a7680aa0f1eaa22') in 0.032099 seconds
  Import took 0.034239 seconds .

========================================================================
Received Import Request.
  Time since last request: 0.000174 seconds.
  path: Assets/Prefabs v2/Environment/Tiles_Land/Tile_RoadCorner180.prefab
  artifactKey: Guid(41d5113b09822db40a32c8ba6fd525cc) Importer(815301076,1909f56bfc062723c751e8b465ee728b)
Start importing Assets/Prefabs v2/Environment/Tiles_Land/Tile_RoadCorner180.prefab using Guid(41d5113b09822db40a32c8ba6fd525cc) Importer(815301076,1909f56bfc062723c751e8b465ee728b)  -> (artifact id: 'a0cf76cf529c6d712e10d5ea2bbf4621') in 0.029972 seconds
  Import took 0.032531 seconds .

========================================================================
Received Import Request.
  Time since last request: 0.000187 seconds.
  path: Assets/Prefabs v2/Environment/Tiles_Land/Tile_RoadCorner270.prefab
  artifactKey: Guid(c4c4af50b51e81e42acaa37f42cd0278) Importer(815301076,1909f56bfc062723c751e8b465ee728b)
Start importing Assets/Prefabs v2/Environment/Tiles_Land/Tile_RoadCorner270.prefab using Guid(c4c4af50b51e81e42acaa37f42cd0278) Importer(815301076,1909f56bfc062723c751e8b465ee728b)  -> (artifact id: '2a7e773db460883e15cc534e23bb9952') in 0.036138 seconds
  Import took 0.038518 seconds .

========================================================================
Received Import Request.
  Time since last request: 0.000184 seconds.
  path: Assets/Prefabs v2/Environment/Tiles_Land/Tile_RoadStraight90.prefab
  artifactKey: Guid(4d4e210a620ecb34cb527b67b59c3a2a) Importer(815301076,1909f56bfc062723c751e8b465ee728b)
Start importing Assets/Prefabs v2/Environment/Tiles_Land/Tile_RoadStraight90.prefab using Guid(4d4e210a620ecb34cb527b67b59c3a2a) Importer(815301076,1909f56bfc062723c751e8b465ee728b)  -> (artifact id: '004fdc66f6c74a893aadd4be466bd1ea') in 0.032694 seconds
  Import took 0.035205 seconds .

========================================================================
Received Import Request.
  Time since last request: 0.000259 seconds.
  path: Assets/Prefabs v2/Environment/Tiles_Land/Tile_RoadCorner.prefab
  artifactKey: Guid(dcedc67da391344498cf1a663352f9fb) Importer(815301076,1909f56bfc062723c751e8b465ee728b)
Start importing Assets/Prefabs v2/Environment/Tiles_Land/Tile_RoadCorner.prefab using Guid(dcedc67da391344498cf1a663352f9fb) Importer(815301076,1909f56bfc062723c751e8b465ee728b)  -> (artifact id: '83e6f679b3324b3c6c1d0245775a42b4') in 0.031555 seconds
  Import took 0.033834 seconds .

========================================================================
Received Import Request.
  Time since last request: 0.128463 seconds.
  path: Assets/Prefabs v2/Environment/Tiles_Water/Tile_ShoreIn.prefab
  artifactKey: Guid(567d39186bb251645a77c56485d0de98) Importer(815301076,1909f56bfc062723c751e8b465ee728b)
Start importing Assets/Prefabs v2/Environment/Tiles_Water/Tile_ShoreIn.prefab using Guid(567d39186bb251645a77c56485d0de98) Importer(815301076,1909f56bfc062723c751e8b465ee728b)  -> (artifact id: '4dcc3cc0818d5ccce003c972b8a05d04') in 0.030180 seconds
  Import took 0.033500 seconds .

========================================================================
Received Import Request.
  Time since last request: 0.000216 seconds.
  path: Assets/Prefabs v2/Environment/Tiles_Water/Tile_ShoreOut270.prefab
  artifactKey: Guid(24f4c5c92cc5d244682ed4db49ea0cf1) Importer(815301076,1909f56bfc062723c751e8b465ee728b)
Start importing Assets/Prefabs v2/Environment/Tiles_Water/Tile_ShoreOut270.prefab using Guid(24f4c5c92cc5d244682ed4db49ea0cf1) Importer(815301076,1909f56bfc062723c751e8b465ee728b)  -> (artifact id: '4bc453a63c667d566d38cb85b124a900') in 0.031334 seconds
  Import took 0.033559 seconds .

========================================================================
Received Import Request.
  Time since last request: 0.000176 seconds.
  path: Assets/Prefabs v2/Environment/Tiles_Water/Tile_Water.prefab
  artifactKey: Guid(f97ed9dcdcc8b81449685fbb82ba36aa) Importer(815301076,1909f56bfc062723c751e8b465ee728b)
Start importing Assets/Prefabs v2/Environment/Tiles_Water/Tile_Water.prefab using Guid(f97ed9dcdcc8b81449685fbb82ba36aa) Importer(815301076,1909f56bfc062723c751e8b465ee728b)  -> (artifact id: '06e09efdcc4d48fa60d0ef576b628ec2') in 0.028728 seconds
  Import took 0.030820 seconds .

========================================================================
Received Import Request.
  Time since last request: 0.000171 seconds.
  path: Assets/Prefabs v2/Environment/Tiles_Water/Tile_ShoreStraight180.prefab
  artifactKey: Guid(d88abdfd319d78b44af1ecd366570c7f) Importer(815301076,1909f56bfc062723c751e8b465ee728b)
Start importing Assets/Prefabs v2/Environment/Tiles_Water/Tile_ShoreStraight180.prefab using Guid(d88abdfd319d78b44af1ecd366570c7f) Importer(815301076,1909f56bfc062723c751e8b465ee728b)  -> (artifact id: '6a1514aac64363071de3d0520f1256a6') in 0.030002 seconds
  Import took 0.032456 seconds .

========================================================================
Received Import Request.
  Time since last request: 0.000160 seconds.
  path: Assets/Prefabs v2/Environment/Tiles_Water/Tile_ShoreOut.prefab
  artifactKey: Guid(8efaaea0a3ab6764285a3afd3a097263) Importer(815301076,1909f56bfc062723c751e8b465ee728b)
Start importing Assets/Prefabs v2/Environment/Tiles_Water/Tile_ShoreOut.prefab using Guid(8efaaea0a3ab6764285a3afd3a097263) Importer(815301076,1909f56bfc062723c751e8b465ee728b)  -> (artifact id: '1dfecb8cd6fd5f64e327da0496e3da18') in 0.032721 seconds
  Import took 0.034912 seconds .

========================================================================
Received Import Request.
  Time since last request: 0.000234 seconds.
  path: Assets/Prefabs v2/Environment/Tiles_Water/Tile_ShoreIn180.prefab
  artifactKey: Guid(ada1d02efc3bd384eb2cfed2147a50d7) Importer(815301076,1909f56bfc062723c751e8b465ee728b)
Start importing Assets/Prefabs v2/Environment/Tiles_Water/Tile_ShoreIn180.prefab using Guid(ada1d02efc3bd384eb2cfed2147a50d7) Importer(815301076,1909f56bfc062723c751e8b465ee728b)  -> (artifact id: '6838ccb9591c5e3d8a500361d25513ab') in 0.028599 seconds
  Import took 0.030623 seconds .

========================================================================
Received Import Request.
  Time since last request: 0.000192 seconds.
  path: Assets/Prefabs v2/Environment/Tiles_Water/Tile_ShoreOut90.prefab
  artifactKey: Guid(c19aa9d2e4998184083b7753e8419bb6) Importer(815301076,1909f56bfc062723c751e8b465ee728b)
Start importing Assets/Prefabs v2/Environment/Tiles_Water/Tile_ShoreOut90.prefab using Guid(c19aa9d2e4998184083b7753e8419bb6) Importer(815301076,1909f56bfc062723c751e8b465ee728b)  -> (artifact id: '94291a4627e5f07f589c0044d416c289') in 0.031576 seconds
  Import took 0.033658 seconds .

========================================================================
Received Import Request.
  Time since last request: 0.000241 seconds.
  path: Assets/Prefabs v2/Environment/Tiles_Water/Tile_ShoreStraight90.prefab
  artifactKey: Guid(79c4d75ef9e83cd4db9abab522689fe8) Importer(815301076,1909f56bfc062723c751e8b465ee728b)
Start importing Assets/Prefabs v2/Environment/Tiles_Water/Tile_ShoreStraight90.prefab using Guid(79c4d75ef9e83cd4db9abab522689fe8) Importer(815301076,1909f56bfc062723c751e8b465ee728b)  -> (artifact id: 'c576ea2d2428fbc6568bc79c43bafdad') in 0.029129 seconds
  Import took 0.031240 seconds .

========================================================================
Received Import Request.
  Time since last request: 0.000211 seconds.
  path: Assets/Prefabs v2/Environment/Tiles_Water/Tile_ShoreIn270.prefab
  artifactKey: Guid(e7df0121f468fb9408338895a0061d60) Importer(815301076,1909f56bfc062723c751e8b465ee728b)
Start importing Assets/Prefabs v2/Environment/Tiles_Water/Tile_ShoreIn270.prefab using Guid(e7df0121f468fb9408338895a0061d60) Importer(815301076,1909f56bfc062723c751e8b465ee728b)  -> (artifact id: 'a7234cbc1d79b207a50b9dbebb013393') in 0.032245 seconds
  Import took 0.041411 seconds .

========================================================================
Received Import Request.
  Time since last request: 0.000327 seconds.
  path: Assets/Prefabs v2/Environment/Tiles_Water/Tile_ShoreStraight.prefab
  artifactKey: Guid(e9148419abf6fcb4e811b21993c38cff) Importer(815301076,1909f56bfc062723c751e8b465ee728b)
Start importing Assets/Prefabs v2/Environment/Tiles_Water/Tile_ShoreStraight.prefab using Guid(e9148419abf6fcb4e811b21993c38cff) Importer(815301076,1909f56bfc062723c751e8b465ee728b)  -> (artifact id: 'bb2022735a5c12ec3e4dff7417c0be5e') in 0.035509 seconds
  Import took 0.038184 seconds .

========================================================================
Received Import Request.
  Time since last request: 0.000238 seconds.
  path: Assets/Prefabs v2/Environment/Tiles_Water/Tile_ShoreStraight270.prefab
  artifactKey: Guid(547248a75a029fd46aa240f9a85d34e5) Importer(815301076,1909f56bfc062723c751e8b465ee728b)
Start importing Assets/Prefabs v2/Environment/Tiles_Water/Tile_ShoreStraight270.prefab using Guid(547248a75a029fd46aa240f9a85d34e5) Importer(815301076,1909f56bfc062723c751e8b465ee728b)  -> (artifact id: '0c6ed7fb259e6a2a23ba5dc888e7d538') in 0.037864 seconds
  Import took 0.040325 seconds .

========================================================================
Received Import Request.
  Time since last request: 0.000200 seconds.
  path: Assets/Prefabs v2/Environment/Tiles_Water/Tile_ShoreIn90.prefab
  artifactKey: Guid(c310961984ac5854ebe8a9e050779b95) Importer(815301076,1909f56bfc062723c751e8b465ee728b)
Start importing Assets/Prefabs v2/Environment/Tiles_Water/Tile_ShoreIn90.prefab using Guid(c310961984ac5854ebe8a9e050779b95) Importer(815301076,1909f56bfc062723c751e8b465ee728b)  -> (artifact id: '9334bf8305b2ec94272146b781f7d95f') in 0.034315 seconds
  Import took 0.036667 seconds .

========================================================================
Received Import Request.
  Time since last request: 0.000194 seconds.
  path: Assets/Prefabs v2/Environment/Tiles_Water/Tile_ShoreOut180.prefab
  artifactKey: Guid(2b6312909be918941814de080c55191f) Importer(815301076,1909f56bfc062723c751e8b465ee728b)
Start importing Assets/Prefabs v2/Environment/Tiles_Water/Tile_ShoreOut180.prefab using Guid(2b6312909be918941814de080c55191f) Importer(815301076,1909f56bfc062723c751e8b465ee728b)  -> (artifact id: 'c4997519e3d2c39aad6ee810b84c942d') in 0.045121 seconds
  Import took 0.048864 seconds .

========================================================================
Received Import Request.
  Time since last request: 47.432951 seconds.
  path: Assets/Prefabs v2/Tower/Ballista.prefab
  artifactKey: Guid(1eaab850962cd3346abca8d34c23f446) Importer(815301076,1909f56bfc062723c751e8b465ee728b)
Start importing Assets/Prefabs v2/Tower/Ballista.prefab using Guid(1eaab850962cd3346abca8d34c23f446) Importer(815301076,1909f56bfc062723c751e8b465ee728b)  -> (artifact id: '9f094c4322b278607fd8ccfe1f26a96b') in 0.023042 seconds
  Import took 0.025521 seconds .

========================================================================
Received Prepare
Registering precompiled user dll's ...
Registered in 0.000609 seconds.
Begin MonoManager ReloadAssembly
Native extension for WindowsStandalone target not found
Native extension for WebGL target not found
Refreshing native plugins compatible for Editor in 0.24 ms, found 0 plugins.
Preloading 0 native plugins for Editor in 0.00 ms.
Invoked RoslynAnalysisRunner static constructor.
RoslynAnalysisRunner will not be running.
RoslynAnalysisRunner has terminated.
Mono: successfully reloaded assembly
- Completed reload, in  0.668 seconds
Platform modules already initialized, skipping
Refreshing native plugins compatible for Editor in 0.23 ms, found 0 plugins.
Preloading 0 native plugins for Editor in 0.00 ms.
Unloading 1122 Unused Serialized files (Serialized files now loaded: 0)
System memory in use before: 63.6 MB.
System memory in use after: 63.7 MB.

Unloading 5 unused Assets to reduce memory usage. Loaded Objects now: 1653.
Total: 1.587600 ms (FindLiveObjects: 0.153200 ms CreateObjectMapping: 0.026100 ms MarkObjects: 1.344700 ms  DeleteObjects: 0.062400 ms)

========================================================================
Received Import Request.
  Time since last request: 70.158096 seconds.
  path: Assets/Scenes/Game.unity
  artifactKey: Guid(9fc0d4010bbf28b4594072e72b8655ab) Importer(815301076,1909f56bfc062723c751e8b465ee728b)
Start importing Assets/Scenes/Game.unity using Guid(9fc0d4010bbf28b4594072e72b8655ab) Importer(815301076,1909f56bfc062723c751e8b465ee728b)  -> (artifact id: '8b1bc359fac2dcf8896b5615c46f3426') in 0.012014 seconds
  Import took 0.014094 seconds .

========================================================================
Received Prepare
Registering precompiled user dll's ...
Registered in 0.000622 seconds.
Begin MonoManager ReloadAssembly
Native extension for WindowsStandalone target not found
Native extension for WebGL target not found
Refreshing native plugins compatible for Editor in 0.23 ms, found 0 plugins.
Preloading 0 native plugins for Editor in 0.00 ms.
Invoked RoslynAnalysisRunner static constructor.
RoslynAnalysisRunner will not be running.
RoslynAnalysisRunner has terminated.
Mono: successfully reloaded assembly
- Completed reload, in  0.656 seconds
Platform modules already initialized, skipping
Refreshing native plugins compatible for Editor in 0.23 ms, found 0 plugins.
Preloading 0 native plugins for Editor in 0.00 ms.
Unloading 1122 Unused Serialized files (Serialized files now loaded: 0)
System memory in use before: 63.6 MB.
System memory in use after: 63.7 MB.

Unloading 5 unused Assets to reduce memory usage. Loaded Objects now: 1656.
Total: 2.430200 ms (FindLiveObjects: 0.260000 ms CreateObjectMapping: 0.068000 ms MarkObjects: 2.041500 ms  DeleteObjects: 0.059400 ms)

AssetImportWorkerClient::OnTransportError - code=2 error=End of file
